2024-02-25 14:58:04,334:INFO:PyCaret RegressionExperiment
2024-02-25 14:58:04,334:INFO:Logging name: reg-default-name
2024-02-25 14:58:04,334:INFO:ML Usecase: MLUsecase.REGRESSION
2024-02-25 14:58:04,334:INFO:version 3.3.0
2024-02-25 14:58:04,334:INFO:Initializing setup()
2024-02-25 14:58:04,334:INFO:self.USI: 0a30
2024-02-25 14:58:04,334:INFO:self._variable_keys: {'_ml_usecase', 'USI', 'log_plots_param', 'data', 'exp_name_log', 'X_train', 'gpu_param', 'y_train', 'target_param', 'pipeline', 'fold_generator', 'X_test', 'y', 'exp_id', 'gpu_n_jobs_param', 'y_test', 'fold_groups_param', 'seed', 'X', 'logging_param', 'fold_shuffle_param', 'idx', 'memory', '_available_plots', 'transform_target_param', 'html_param', 'n_jobs_param'}
2024-02-25 14:58:04,334:INFO:Checking environment
2024-02-25 14:58:04,335:INFO:python_version: 3.10.13
2024-02-25 14:58:04,335:INFO:python_build: ('main', 'Sep 11 2023 13:24:38')
2024-02-25 14:58:04,335:INFO:machine: AMD64
2024-02-25 14:58:04,335:INFO:platform: Windows-10-10.0.22621-SP0
2024-02-25 14:58:04,338:INFO:Memory: svmem(total=16952647680, available=4380614656, percent=74.2, used=12572033024, free=4380614656)
2024-02-25 14:58:04,338:INFO:Physical Core: 4
2024-02-25 14:58:04,338:INFO:Logical Core: 8
2024-02-25 14:58:04,338:INFO:Checking libraries
2024-02-25 14:58:04,338:INFO:System:
2024-02-25 14:58:04,338:INFO:    python: 3.10.13 | packaged by Anaconda, Inc. | (main, Sep 11 2023, 13:24:38) [MSC v.1916 64 bit (AMD64)]
2024-02-25 14:58:04,338:INFO:executable: C:\Users\sashe\anaconda3\envs\mlopsassignment\python.exe
2024-02-25 14:58:04,338:INFO:   machine: Windows-10-10.0.22621-SP0
2024-02-25 14:58:04,338:INFO:PyCaret required dependencies:
2024-02-25 14:58:04,338:INFO:                 pip: 23.3.1
2024-02-25 14:58:04,338:INFO:          setuptools: 69.1.1
2024-02-25 14:58:04,340:INFO:             pycaret: 3.3.0
2024-02-25 14:58:04,340:INFO:             IPython: 8.18.1
2024-02-25 14:58:04,340:INFO:          ipywidgets: 8.1.2
2024-02-25 14:58:04,340:INFO:                tqdm: 4.66.2
2024-02-25 14:58:04,340:INFO:               numpy: 1.26.4
2024-02-25 14:58:04,340:INFO:              pandas: 2.1.4
2024-02-25 14:58:04,340:INFO:              jinja2: 3.1.3
2024-02-25 14:58:04,340:INFO:               scipy: 1.11.4
2024-02-25 14:58:04,340:INFO:              joblib: 1.3.2
2024-02-25 14:58:04,340:INFO:             sklearn: 1.4.1.post1
2024-02-25 14:58:04,340:INFO:                pyod: 1.1.3
2024-02-25 14:58:04,340:INFO:            imblearn: 0.12.0
2024-02-25 14:58:04,340:INFO:   category_encoders: 2.6.3
2024-02-25 14:58:04,340:INFO:            lightgbm: 4.3.0
2024-02-25 14:58:04,340:INFO:               numba: 0.59.0
2024-02-25 14:58:04,340:INFO:            requests: 2.31.0
2024-02-25 14:58:04,340:INFO:          matplotlib: 3.7.5
2024-02-25 14:58:04,340:INFO:          scikitplot: 0.3.7
2024-02-25 14:58:04,340:INFO:         yellowbrick: 1.5
2024-02-25 14:58:04,340:INFO:              plotly: 5.19.0
2024-02-25 14:58:04,340:INFO:    plotly-resampler: Not installed
2024-02-25 14:58:04,340:INFO:             kaleido: 0.2.1
2024-02-25 14:58:04,340:INFO:           schemdraw: 0.15
2024-02-25 14:58:04,340:INFO:         statsmodels: 0.14.1
2024-02-25 14:58:04,340:INFO:              sktime: 0.26.0
2024-02-25 14:58:04,340:INFO:               tbats: 1.1.3
2024-02-25 14:58:04,341:INFO:            pmdarima: 2.0.4
2024-02-25 14:58:04,341:INFO:              psutil: 5.9.8
2024-02-25 14:58:04,341:INFO:          markupsafe: 2.1.5
2024-02-25 14:58:04,341:INFO:             pickle5: Not installed
2024-02-25 14:58:04,341:INFO:         cloudpickle: 3.0.0
2024-02-25 14:58:04,341:INFO:         deprecation: 2.1.0
2024-02-25 14:58:04,341:INFO:              xxhash: 3.4.1
2024-02-25 14:58:04,341:INFO:           wurlitzer: Not installed
2024-02-25 14:58:04,341:INFO:PyCaret optional dependencies:
2024-02-25 14:58:04,341:INFO:                shap: Not installed
2024-02-25 14:58:04,341:INFO:           interpret: Not installed
2024-02-25 14:58:04,341:INFO:                umap: Not installed
2024-02-25 14:58:04,341:INFO:     ydata_profiling: Not installed
2024-02-25 14:58:04,341:INFO:  explainerdashboard: Not installed
2024-02-25 14:58:04,341:INFO:             autoviz: Not installed
2024-02-25 14:58:04,341:INFO:           fairlearn: Not installed
2024-02-25 14:58:04,341:INFO:          deepchecks: Not installed
2024-02-25 14:58:04,341:INFO:             xgboost: Not installed
2024-02-25 14:58:04,342:INFO:            catboost: Not installed
2024-02-25 14:58:04,342:INFO:              kmodes: Not installed
2024-02-25 14:58:04,342:INFO:             mlxtend: Not installed
2024-02-25 14:58:04,342:INFO:       statsforecast: Not installed
2024-02-25 14:58:04,342:INFO:        tune_sklearn: Not installed
2024-02-25 14:58:04,342:INFO:                 ray: Not installed
2024-02-25 14:58:04,342:INFO:            hyperopt: Not installed
2024-02-25 14:58:04,342:INFO:              optuna: Not installed
2024-02-25 14:58:04,342:INFO:               skopt: Not installed
2024-02-25 14:58:04,342:INFO:              mlflow: 2.10.2
2024-02-25 14:58:04,342:INFO:              gradio: Not installed
2024-02-25 14:58:04,342:INFO:             fastapi: Not installed
2024-02-25 14:58:04,342:INFO:             uvicorn: Not installed
2024-02-25 14:58:04,342:INFO:              m2cgen: Not installed
2024-02-25 14:58:04,342:INFO:           evidently: Not installed
2024-02-25 14:58:04,342:INFO:               fugue: Not installed
2024-02-25 14:58:04,342:INFO:           streamlit: 1.30.0
2024-02-25 14:58:04,342:INFO:             prophet: Not installed
2024-02-25 14:58:04,343:INFO:None
2024-02-25 14:58:04,343:INFO:Set up data.
2024-02-25 14:58:04,359:INFO:Set up folding strategy.
2024-02-25 14:58:04,359:INFO:Set up train/test split.
2024-02-25 14:58:04,368:INFO:Set up index.
2024-02-25 14:58:04,369:INFO:Assigning column types.
2024-02-25 14:58:04,374:INFO:Engine successfully changes for model 'lr' to 'sklearn'.
2024-02-25 14:58:04,375:INFO:Engine for model 'lasso' has not been set explicitly, hence returning None.
2024-02-25 14:58:04,378:INFO:Engine for model 'ridge' has not been set explicitly, hence returning None.
2024-02-25 14:58:04,382:INFO:Engine for model 'en' has not been set explicitly, hence returning None.
2024-02-25 14:58:04,434:INFO:Engine for model 'svm' has not been set explicitly, hence returning None.
2024-02-25 14:58:04,467:INFO:Engine for model 'knn' has not been set explicitly, hence returning None.
2024-02-25 14:58:04,468:WARNING:
'xgboost' is a soft dependency and not included in the pycaret installation. Please run: `pip install xgboost` to install.
Alternately, you can install this by running `pip install pycaret[models]`
2024-02-25 14:58:04,468:WARNING:
'catboost' is a soft dependency and not included in the pycaret installation. Please run: `pip install catboost` to install.
Alternately, you can install this by running `pip install pycaret[models]`
2024-02-25 14:58:04,468:INFO:Engine for model 'lasso' has not been set explicitly, hence returning None.
2024-02-25 14:58:04,472:INFO:Engine for model 'ridge' has not been set explicitly, hence returning None.
2024-02-25 14:58:04,475:INFO:Engine for model 'en' has not been set explicitly, hence returning None.
2024-02-25 14:58:04,529:INFO:Engine for model 'svm' has not been set explicitly, hence returning None.
2024-02-25 14:58:04,569:INFO:Engine for model 'knn' has not been set explicitly, hence returning None.
2024-02-25 14:58:04,569:WARNING:
'xgboost' is a soft dependency and not included in the pycaret installation. Please run: `pip install xgboost` to install.
Alternately, you can install this by running `pip install pycaret[models]`
2024-02-25 14:58:04,569:WARNING:
'catboost' is a soft dependency and not included in the pycaret installation. Please run: `pip install catboost` to install.
Alternately, you can install this by running `pip install pycaret[models]`
2024-02-25 14:58:04,569:INFO:Engine successfully changes for model 'lasso' to 'sklearn'.
2024-02-25 14:58:04,573:INFO:Engine for model 'ridge' has not been set explicitly, hence returning None.
2024-02-25 14:58:04,577:INFO:Engine for model 'en' has not been set explicitly, hence returning None.
2024-02-25 14:58:04,630:INFO:Engine for model 'svm' has not been set explicitly, hence returning None.
2024-02-25 14:58:04,665:INFO:Engine for model 'knn' has not been set explicitly, hence returning None.
2024-02-25 14:58:04,666:WARNING:
'xgboost' is a soft dependency and not included in the pycaret installation. Please run: `pip install xgboost` to install.
Alternately, you can install this by running `pip install pycaret[models]`
2024-02-25 14:58:04,666:WARNING:
'catboost' is a soft dependency and not included in the pycaret installation. Please run: `pip install catboost` to install.
Alternately, you can install this by running `pip install pycaret[models]`
2024-02-25 14:58:04,670:INFO:Engine for model 'ridge' has not been set explicitly, hence returning None.
2024-02-25 14:58:04,674:INFO:Engine for model 'en' has not been set explicitly, hence returning None.
2024-02-25 14:58:04,727:INFO:Engine for model 'svm' has not been set explicitly, hence returning None.
2024-02-25 14:58:04,767:INFO:Engine for model 'knn' has not been set explicitly, hence returning None.
2024-02-25 14:58:04,767:WARNING:
'xgboost' is a soft dependency and not included in the pycaret installation. Please run: `pip install xgboost` to install.
Alternately, you can install this by running `pip install pycaret[models]`
2024-02-25 14:58:04,767:WARNING:
'catboost' is a soft dependency and not included in the pycaret installation. Please run: `pip install catboost` to install.
Alternately, you can install this by running `pip install pycaret[models]`
2024-02-25 14:58:04,767:INFO:Engine successfully changes for model 'ridge' to 'sklearn'.
2024-02-25 14:58:04,775:INFO:Engine for model 'en' has not been set explicitly, hence returning None.
2024-02-25 14:58:04,821:INFO:Engine for model 'svm' has not been set explicitly, hence returning None.
2024-02-25 14:58:04,859:INFO:Engine for model 'knn' has not been set explicitly, hence returning None.
2024-02-25 14:58:04,859:WARNING:
'xgboost' is a soft dependency and not included in the pycaret installation. Please run: `pip install xgboost` to install.
Alternately, you can install this by running `pip install pycaret[models]`
2024-02-25 14:58:04,859:WARNING:
'catboost' is a soft dependency and not included in the pycaret installation. Please run: `pip install catboost` to install.
Alternately, you can install this by running `pip install pycaret[models]`
2024-02-25 14:58:04,869:INFO:Engine for model 'en' has not been set explicitly, hence returning None.
2024-02-25 14:58:04,925:INFO:Engine for model 'svm' has not been set explicitly, hence returning None.
2024-02-25 14:58:04,957:INFO:Engine for model 'knn' has not been set explicitly, hence returning None.
2024-02-25 14:58:04,958:WARNING:
'xgboost' is a soft dependency and not included in the pycaret installation. Please run: `pip install xgboost` to install.
Alternately, you can install this by running `pip install pycaret[models]`
2024-02-25 14:58:04,958:WARNING:
'catboost' is a soft dependency and not included in the pycaret installation. Please run: `pip install catboost` to install.
Alternately, you can install this by running `pip install pycaret[models]`
2024-02-25 14:58:04,958:INFO:Engine successfully changes for model 'en' to 'sklearn'.
2024-02-25 14:58:05,013:INFO:Engine for model 'svm' has not been set explicitly, hence returning None.
2024-02-25 14:58:05,052:INFO:Engine for model 'knn' has not been set explicitly, hence returning None.
2024-02-25 14:58:05,053:WARNING:
'xgboost' is a soft dependency and not included in the pycaret installation. Please run: `pip install xgboost` to install.
Alternately, you can install this by running `pip install pycaret[models]`
2024-02-25 14:58:05,053:WARNING:
'catboost' is a soft dependency and not included in the pycaret installation. Please run: `pip install catboost` to install.
Alternately, you can install this by running `pip install pycaret[models]`
2024-02-25 14:58:05,116:INFO:Engine for model 'svm' has not been set explicitly, hence returning None.
2024-02-25 14:58:05,156:INFO:Engine for model 'knn' has not been set explicitly, hence returning None.
2024-02-25 14:58:05,157:WARNING:
'xgboost' is a soft dependency and not included in the pycaret installation. Please run: `pip install xgboost` to install.
Alternately, you can install this by running `pip install pycaret[models]`
2024-02-25 14:58:05,157:WARNING:
'catboost' is a soft dependency and not included in the pycaret installation. Please run: `pip install catboost` to install.
Alternately, you can install this by running `pip install pycaret[models]`
2024-02-25 14:58:05,157:INFO:Engine successfully changes for model 'knn' to 'sklearn'.
2024-02-25 14:58:05,217:INFO:Engine for model 'svm' has not been set explicitly, hence returning None.
2024-02-25 14:58:05,248:WARNING:
'xgboost' is a soft dependency and not included in the pycaret installation. Please run: `pip install xgboost` to install.
Alternately, you can install this by running `pip install pycaret[models]`
2024-02-25 14:58:05,248:WARNING:
'catboost' is a soft dependency and not included in the pycaret installation. Please run: `pip install catboost` to install.
Alternately, you can install this by running `pip install pycaret[models]`
2024-02-25 14:58:05,299:INFO:Engine for model 'svm' has not been set explicitly, hence returning None.
2024-02-25 14:58:05,332:WARNING:
'xgboost' is a soft dependency and not included in the pycaret installation. Please run: `pip install xgboost` to install.
Alternately, you can install this by running `pip install pycaret[models]`
2024-02-25 14:58:05,332:WARNING:
'catboost' is a soft dependency and not included in the pycaret installation. Please run: `pip install catboost` to install.
Alternately, you can install this by running `pip install pycaret[models]`
2024-02-25 14:58:05,332:INFO:Engine successfully changes for model 'svm' to 'sklearn'.
2024-02-25 14:58:05,416:WARNING:
'xgboost' is a soft dependency and not included in the pycaret installation. Please run: `pip install xgboost` to install.
Alternately, you can install this by running `pip install pycaret[models]`
2024-02-25 14:58:05,416:WARNING:
'catboost' is a soft dependency and not included in the pycaret installation. Please run: `pip install catboost` to install.
Alternately, you can install this by running `pip install pycaret[models]`
2024-02-25 14:58:05,498:WARNING:
'xgboost' is a soft dependency and not included in the pycaret installation. Please run: `pip install xgboost` to install.
Alternately, you can install this by running `pip install pycaret[models]`
2024-02-25 14:58:05,498:WARNING:
'catboost' is a soft dependency and not included in the pycaret installation. Please run: `pip install catboost` to install.
Alternately, you can install this by running `pip install pycaret[models]`
2024-02-25 14:58:05,499:INFO:Preparing preprocessing pipeline...
2024-02-25 14:58:05,499:INFO:Set up simple imputation.
2024-02-25 14:58:05,504:INFO:Set up encoding of ordinal features.
2024-02-25 14:58:05,508:INFO:Set up encoding of categorical features.
2024-02-25 14:58:05,508:INFO:Set up removing multicollinearity.
2024-02-25 14:58:05,508:INFO:Set up feature selection.
2024-02-25 14:58:05,597:WARNING:
'xgboost' is a soft dependency and not included in the pycaret installation. Please run: `pip install xgboost` to install.
Alternately, you can install this by running `pip install pycaret[models]`
2024-02-25 14:58:05,598:WARNING:
'catboost' is a soft dependency and not included in the pycaret installation. Please run: `pip install catboost` to install.
Alternately, you can install this by running `pip install pycaret[models]`
2024-02-25 14:58:05,600:INFO:Set up column name cleaning.
2024-02-25 14:58:05,633:WARNING:C:\Users\sashe\anaconda3\envs\mlopsassignment\lib\site-packages\sklearn\impute\_base.py:577: UserWarning: Skipping features without any observed values: ['Unnamed: 25']. At least one non-missing value is needed for imputation with strategy='mean'.
  warnings.warn(

2024-02-25 15:00:28,862:WARNING:C:\Users\sashe\mlops\src\regression.py:17: UserWarning: 
The version_base parameter is not specified.
Please specify a compatability version level, or None.
Will assume defaults for version 1.1
  

2024-02-25 15:00:29,040:WARNING:C:\Users\sashe\anaconda3\envs\mlopsassignment\lib\site-packages\hydra\_internal\hydra.py:119: UserWarning: Future Hydra versions will no longer change working directory at job runtime by default.
See https://hydra.cc/docs/1.2/upgrades/1.1_to_1.2/changes_to_job_working_dir/ for more information.
  ret = run_job(

