2024-02-24 17:36:56,213:WARNING:
'cuml' is a soft dependency and not included in the pycaret installation. Please run: `pip install cuml` to install.
2024-02-24 17:36:56,213:WARNING:
'cuml' is a soft dependency and not included in the pycaret installation. Please run: `pip install cuml` to install.
2024-02-24 17:36:56,213:WARNING:
'cuml' is a soft dependency and not included in the pycaret installation. Please run: `pip install cuml` to install.
2024-02-24 17:36:56,213:WARNING:
'cuml' is a soft dependency and not included in the pycaret installation. Please run: `pip install cuml` to install.
2024-02-24 17:36:56,426:WARNING:C:\Users\kaiji\Data science directory\MLOPS\mlops-main\src\classification.py:10: UserWarning: 
The version_base parameter is not specified.
Please specify a compatability version level, or None.
Will assume defaults for version 1.1
  @hydra.main(config_path="../../config/model",config_name="model1")

2024-02-24 17:37:24,091:WARNING:C:\Users\kaiji\Data science directory\MLOPS\mlops-main\src\classification.py:10: UserWarning: 
The version_base parameter is not specified.
Please specify a compatability version level, or None.
Will assume defaults for version 1.1
  @hydra.main(config_path="../../config/model",config_name="model1")

2024-02-24 17:37:24,178:WARNING:C:\Users\kaiji\anaconda3\envs\mlop\lib\site-packages\hydra\_internal\hydra.py:119: UserWarning: Future Hydra versions will no longer change working directory at job runtime by default.
See https://hydra.cc/docs/1.2/upgrades/1.1_to_1.2/changes_to_job_working_dir/ for more information.
  ret = run_job(

2024-02-24 18:04:32,832:WARNING:
'cuml' is a soft dependency and not included in the pycaret installation. Please run: `pip install cuml` to install.
2024-02-24 18:04:32,832:WARNING:
'cuml' is a soft dependency and not included in the pycaret installation. Please run: `pip install cuml` to install.
2024-02-24 18:04:32,832:WARNING:
'cuml' is a soft dependency and not included in the pycaret installation. Please run: `pip install cuml` to install.
2024-02-24 18:04:32,832:WARNING:
'cuml' is a soft dependency and not included in the pycaret installation. Please run: `pip install cuml` to install.
2024-02-24 18:04:33,295:WARNING:C:\Users\kaiji\Data science directory\MLOPS\mlops-main\src\classification.py:10: UserWarning: 
The version_base parameter is not specified.
Please specify a compatability version level, or None.
Will assume defaults for version 1.1
  @hydra.main(config_path="../config/model",config_name="model1")

2024-02-24 18:04:33,413:WARNING:C:\Users\kaiji\anaconda3\envs\mlop\lib\site-packages\hydra\_internal\hydra.py:119: UserWarning: Future Hydra versions will no longer change working directory at job runtime by default.
See https://hydra.cc/docs/1.2/upgrades/1.1_to_1.2/changes_to_job_working_dir/ for more information.
  ret = run_job(

